Using pre-set license
Built from '2020.3/staging' branch; Version is '2020.3.43f1 (75bff06b76bf) revision 7716848'; Using compiler version '192528614'; Build Type 'Release'
OS: 'Windows 11  (10.0.22621) 64bit CoreSingleLanguage' Language: 'en' Physical Memory: 16163 MB
BatchMode: 1, IsHumanControllingUs: 0, StartBugReporterOnCrash: 0, Is64bit: 1, IsPro: 0

COMMAND LINE ARGUMENTS:
C:\Program Files\Unity\Hub\Editor\2020.3.43f1\Editor\Unity.exe
-adb2
-batchMode
-noUpm
-name
AssetImportWorker0
-projectPath
D:/UnityTraining/TextMesh Pro
-logFile
Logs/AssetImportWorker0.log
-srvPort
56568
Successfully changed project path to: D:/UnityTraining/TextMesh Pro
D:/UnityTraining/TextMesh Pro
Using Asset Import Pipeline V2.
Refreshing native plugins compatible for Editor in 14.16 ms, found 0 plugins.
Preloading 0 native plugins for Editor in 0.00 ms.
Initialize engine version: 2020.3.43f1 (75bff06b76bf)
[Subsystems] Discovering subsystems at path C:/Program Files/Unity/Hub/Editor/2020.3.43f1/Editor/Data/Resources/UnitySubsystems
[Subsystems] Discovering subsystems at path D:/UnityTraining/TextMesh Pro/Assets
GfxDevice: creating device client; threaded=0
Direct3D:
    Version:  Direct3D 11.0 [level 11.1]
    Renderer: NVIDIA GeForce RTX 3050 Ti Laptop GPU (ID=0x25a0)
    Vendor:   
    VRAM:     3990 MB
    Driver:   27.21.14.6262
Initialize mono
Mono path[0] = 'C:/Program Files/Unity/Hub/Editor/2020.3.43f1/Editor/Data/Managed'
Mono path[1] = 'C:/Program Files/Unity/Hub/Editor/2020.3.43f1/Editor/Data/MonoBleedingEdge/lib/mono/unityjit'
Mono config path = 'C:/Program Files/Unity/Hub/Editor/2020.3.43f1/Editor/Data/MonoBleedingEdge/etc'
Using monoOptions --debugger-agent=transport=dt_socket,embedding=1,server=y,suspend=n,address=127.0.0.1:56600
Begin MonoManager ReloadAssembly
Registering precompiled unity dll's ...
Register platform support module: C:/Program Files/Unity/Hub/Editor/2020.3.43f1/Editor/Data/PlaybackEngines/WindowsStandaloneSupport/UnityEditor.WindowsStandalone.Extensions.dll
Registered in 0.001045 seconds.
Native extension for WindowsStandalone target not found
Refreshing native plugins compatible for Editor in 13.31 ms, found 0 plugins.
Preloading 0 native plugins for Editor in 0.00 ms.
Mono: successfully reloaded assembly
- Completed reload, in  0.384 seconds
Domain Reload Profiling:
	ReloadAssembly (384ms)
		BeginReloadAssembly (45ms)
			ExecutionOrderSort (0ms)
			DisableScriptedObjects (0ms)
			BackupInstance (0ms)
			ReleaseScriptingObjects (0ms)
			CreateAndSetChildDomain (1ms)
		EndReloadAssembly (290ms)
			LoadAssemblies (43ms)
			RebuildTransferFunctionScriptingTraits (0ms)
			SetupTypeCache (99ms)
			ReleaseScriptCaches (0ms)
			RebuildScriptCaches (22ms)
			SetupLoadedEditorAssemblies (101ms)
				LogAssemblyErrors (0ms)
				InitializePlatformSupportModulesInManaged (3ms)
				SetLoadedEditorAssemblies (0ms)
				RefreshPlugins (13ms)
				BeforeProcessingInitializeOnLoad (9ms)
				ProcessInitializeOnLoadAttributes (57ms)
				ProcessInitializeOnLoadMethodAttributes (19ms)
				AfterProcessingInitializeOnLoad (0ms)
				EditorAssembliesLoaded (0ms)
			ExecutionOrderSort2 (0ms)
			AwakeInstancesAfterBackupRestoration (0ms)
Platform modules already initialized, skipping
Registering precompiled user dll's ...
Registered in 0.000299 seconds.
Begin MonoManager ReloadAssembly
Native extension for WindowsStandalone target not found
Refreshing native plugins compatible for Editor in 0.13 ms, found 0 plugins.
Preloading 0 native plugins for Editor in 0.00 ms.
Mono: successfully reloaded assembly
- Completed reload, in  0.508 seconds
Domain Reload Profiling:
	ReloadAssembly (508ms)
		BeginReloadAssembly (100ms)
			ExecutionOrderSort (0ms)
			DisableScriptedObjects (3ms)
			BackupInstance (0ms)
			ReleaseScriptingObjects (0ms)
			CreateAndSetChildDomain (16ms)
		EndReloadAssembly (369ms)
			LoadAssemblies (56ms)
			RebuildTransferFunctionScriptingTraits (0ms)
			SetupTypeCache (113ms)
			ReleaseScriptCaches (0ms)
			RebuildScriptCaches (25ms)
			SetupLoadedEditorAssemblies (131ms)
				LogAssemblyErrors (0ms)
				InitializePlatformSupportModulesInManaged (3ms)
				SetLoadedEditorAssemblies (0ms)
				RefreshPlugins (0ms)
				BeforeProcessingInitializeOnLoad (47ms)
				ProcessInitializeOnLoadAttributes (72ms)
				ProcessInitializeOnLoadMethodAttributes (6ms)
				AfterProcessingInitializeOnLoad (3ms)
				EditorAssembliesLoaded (0ms)
			ExecutionOrderSort2 (0ms)
			AwakeInstancesAfterBackupRestoration (1ms)
Platform modules already initialized, skipping
========================================================================
Worker process is ready to serve import requests
Launched and connected shader compiler UnityShaderCompiler.exe after 0.03 seconds
Refreshing native plugins compatible for Editor in 0.13 ms, found 0 plugins.
Preloading 0 native plugins for Editor in 0.00 ms.
Unloading 736 Unused Serialized files (Serialized files now loaded: 0)
System memory in use before: 48.3 MB.
System memory in use after: 48.3 MB.

Unloading 9 unused Assets to reduce memory usage. Loaded Objects now: 1181.
Total: 2.002100 ms (FindLiveObjects: 0.065700 ms CreateObjectMapping: 0.013800 ms MarkObjects: 1.848000 ms  DeleteObjects: 0.074100 ms)

AssetImportParameters requested are different than current active one (requested -> active):
  custom:framework-win-MediaFoundation: 216162199b28c13a410421893ffa2e32 -> 
  custom:video-decoder-ogg-theora: a1e56fd34408186e4bbccfd4996cb3dc -> 
  custom:container-muxer-webm: aa71ff27fc2769a1b78a27578f13a17b -> 
  custom:container-demuxer-webm: 4f35f7cbe854078d1ac9338744f61a02 -> 
  custom:container-demuxer-ogg: 62fdf1f143b41e24485cea50d1cbac27 -> 
  custom:video-encoder-webm-vp8: eb34c28f22e8b96e1ab97ce403110664 -> 
  custom:video-decoder-webm-vp8: 9c59270c3fd7afecdb556c50c9e8de78 -> 
  custom:audio-decoder-ogg-vorbis: bf7c407c2cedff20999df2af8eb42d56 -> 
  custom:audio-encoder-webm-vorbis: bf7c407c2cedff20999df2af8eb42d56 -> 
========================================================================
Received Import Request.
  path: Assets/RW/Scenes/IntoTheAttic-Starter.unity
  artifactKey: Guid(253cae6c1165a0e438461d85951a3283) Importer(815301076,1909f56bfc062723c751e8b465ee728b)
Start importing Assets/RW/Scenes/IntoTheAttic-Starter.unity using Guid(253cae6c1165a0e438461d85951a3283) Importer(815301076,1909f56bfc062723c751e8b465ee728b)  -> (artifact id: '58cf144bc7d8a7a71ed0460d6ebfe4c7') in 0.009962 seconds 
========================================================================
Received Import Request.
  Time since last request: 2864.215235 seconds.
  path: Assets/RW/Sprites/BrokenGlass.jpg
  artifactKey: Guid(8a4404364f3f7e4408abb87b18d7667c) Importer(815301076,1909f56bfc062723c751e8b465ee728b)
Start importing Assets/RW/Sprites/BrokenGlass.jpg using Guid(8a4404364f3f7e4408abb87b18d7667c) Importer(815301076,1909f56bfc062723c751e8b465ee728b)  -> (artifact id: '67393c87f99a9875daa44051110a9040') in 0.177512 seconds 
========================================================================
Received Import Request.
  Time since last request: 0.000293 seconds.
  path: Assets/RW/Sprites/GoldSkull.jpg
  artifactKey: Guid(fc6935551ada2104f827c9fc63b70cc4) Importer(815301076,1909f56bfc062723c751e8b465ee728b)
Start importing Assets/RW/Sprites/GoldSkull.jpg using Guid(fc6935551ada2104f827c9fc63b70cc4) Importer(815301076,1909f56bfc062723c751e8b465ee728b)  -> (artifact id: '84fae58cf1107336f77191daefe65739') in 0.020131 seconds 
========================================================================
Received Import Request.
  Time since last request: 0.000296 seconds.
  path: Assets/RW/Sprites/DarkGrayWood.jpg
  artifactKey: Guid(5f5a9fff04011e64ab29491dd00f1e16) Importer(815301076,1909f56bfc062723c751e8b465ee728b)
Start importing Assets/RW/Sprites/DarkGrayWood.jpg using Guid(5f5a9fff04011e64ab29491dd00f1e16) Importer(815301076,1909f56bfc062723c751e8b465ee728b)  -> (artifact id: '4f30afb1a218a82c49a598fe3e406cab') in 0.046756 seconds 
========================================================================
Received Import Request.
  Time since last request: 0.000283 seconds.
  path: Assets/RW/Sprites/NailedWoodButton.jpg
  artifactKey: Guid(54c3e85a66dd6f24cbb70875109d2fa7) Importer(815301076,1909f56bfc062723c751e8b465ee728b)
Start importing Assets/RW/Sprites/NailedWoodButton.jpg using Guid(54c3e85a66dd6f24cbb70875109d2fa7) Importer(815301076,1909f56bfc062723c751e8b465ee728b)  -> (artifact id: 'ec9ea08e74789f00770b30a9ba8780a6') in 0.019831 seconds 
========================================================================
Received Import Request.
  Time since last request: 0.000313 seconds.
  path: Assets/RW/Sprites/FlashlightIcon.png
  artifactKey: Guid(d9022509d6d05d84aae771d94a6e25da) Importer(815301076,1909f56bfc062723c751e8b465ee728b)
Start importing Assets/RW/Sprites/FlashlightIcon.png using Guid(d9022509d6d05d84aae771d94a6e25da) Importer(815301076,1909f56bfc062723c751e8b465ee728b)  -> (artifact id: '87a20648888b6056a8476e237365ec3f') in 0.022571 seconds 
========================================================================
Received Import Request.
  Time since last request: 164.011776 seconds.
  path: Assets/RW/Sprites/FlashlightIcon.asset
  artifactKey: Guid(91e2e507f154a454a854222bb7677e8e) Importer(815301076,1909f56bfc062723c751e8b465ee728b)
Start importing Assets/RW/Sprites/FlashlightIcon.asset using Guid(91e2e507f154a454a854222bb7677e8e) Importer(815301076,1909f56bfc062723c751e8b465ee728b)  -> (artifact id: 'd6ce7f1574790fba44d00b69d85bd64a') in 0.010242 seconds 
========================================================================
Received Import Request.
  Time since last request: 324.367201 seconds.
  path: Assets/RW/Textures/Cardboard.jpg
  artifactKey: Guid(7512f7224f2451a44b0e3d18c7e30859) Importer(815301076,1909f56bfc062723c751e8b465ee728b)
Start importing Assets/RW/Textures/Cardboard.jpg using Guid(7512f7224f2451a44b0e3d18c7e30859) Importer(815301076,1909f56bfc062723c751e8b465ee728b)  -> (artifact id: '60e0265a2c744abe61b7875fe0caaba0') in 0.031225 seconds 
========================================================================
Received Import Request.
  Time since last request: 22.946168 seconds.
  path: Assets/RW/Sprites/FlashlightIcon.asset
  artifactKey: Guid(91e2e507f154a454a854222bb7677e8e) Importer(815301076,1909f56bfc062723c751e8b465ee728b)
Start importing Assets/RW/Sprites/FlashlightIcon.asset using Guid(91e2e507f154a454a854222bb7677e8e) Importer(815301076,1909f56bfc062723c751e8b465ee728b)  -> (artifact id: '28a101af4d0e17e7c7bd0924fe3fdf1a') in 0.002849 seconds 
AssetImportWorkerClient::OnTransportError - code=2 error=End of file
