Using pre-set license
Built from '2020.3/staging' branch; Version is '2020.3.43f1 (75bff06b76bf) revision 7716848'; Using compiler version '192528614'; Build Type 'Release'
OS: 'Windows 11  (10.0.22621) 64bit CoreSingleLanguage' Language: 'en' Physical Memory: 16163 MB
BatchMode: 1, IsHumanControllingUs: 0, StartBugReporterOnCrash: 0, Is64bit: 1, IsPro: 0

COMMAND LINE ARGUMENTS:
C:\Program Files\Unity\Hub\Editor\2020.3.43f1\Editor\Unity.exe
-adb2
-batchMode
-noUpm
-name
AssetImportWorker0
-projectPath
D:/UnityTraining/TextMesh Pro
-logFile
Logs/AssetImportWorker0.log
-srvPort
61276
Successfully changed project path to: D:/UnityTraining/TextMesh Pro
D:/UnityTraining/TextMesh Pro
Using Asset Import Pipeline V2.
Refreshing native plugins compatible for Editor in 18.27 ms, found 0 plugins.
Preloading 0 native plugins for Editor in 0.00 ms.
Initialize engine version: 2020.3.43f1 (75bff06b76bf)
[Subsystems] Discovering subsystems at path C:/Program Files/Unity/Hub/Editor/2020.3.43f1/Editor/Data/Resources/UnitySubsystems
[Subsystems] Discovering subsystems at path D:/UnityTraining/TextMesh Pro/Assets
GfxDevice: creating device client; threaded=0
Direct3D:
    Version:  Direct3D 11.0 [level 11.1]
    Renderer: NVIDIA GeForce RTX 3050 Ti Laptop GPU (ID=0x25a0)
    Vendor:   
    VRAM:     3990 MB
    Driver:   27.21.14.6262
Initialize mono
Mono path[0] = 'C:/Program Files/Unity/Hub/Editor/2020.3.43f1/Editor/Data/Managed'
Mono path[1] = 'C:/Program Files/Unity/Hub/Editor/2020.3.43f1/Editor/Data/MonoBleedingEdge/lib/mono/unityjit'
Mono config path = 'C:/Program Files/Unity/Hub/Editor/2020.3.43f1/Editor/Data/MonoBleedingEdge/etc'
Using monoOptions --debugger-agent=transport=dt_socket,embedding=1,server=y,suspend=n,address=127.0.0.1:56444
Begin MonoManager ReloadAssembly
Registering precompiled unity dll's ...
Register platform support module: C:/Program Files/Unity/Hub/Editor/2020.3.43f1/Editor/Data/PlaybackEngines/WindowsStandaloneSupport/UnityEditor.WindowsStandalone.Extensions.dll
Registered in 0.001316 seconds.
Native extension for WindowsStandalone target not found
Refreshing native plugins compatible for Editor in 15.41 ms, found 0 plugins.
Preloading 0 native plugins for Editor in 0.00 ms.
Mono: successfully reloaded assembly
- Completed reload, in  0.532 seconds
Domain Reload Profiling:
	ReloadAssembly (533ms)
		BeginReloadAssembly (122ms)
			ExecutionOrderSort (0ms)
			DisableScriptedObjects (0ms)
			BackupInstance (0ms)
			ReleaseScriptingObjects (0ms)
			CreateAndSetChildDomain (2ms)
		EndReloadAssembly (349ms)
			LoadAssemblies (119ms)
			RebuildTransferFunctionScriptingTraits (0ms)
			SetupTypeCache (119ms)
			ReleaseScriptCaches (0ms)
			RebuildScriptCaches (25ms)
			SetupLoadedEditorAssemblies (121ms)
				LogAssemblyErrors (0ms)
				InitializePlatformSupportModulesInManaged (4ms)
				SetLoadedEditorAssemblies (0ms)
				RefreshPlugins (16ms)
				BeforeProcessingInitializeOnLoad (12ms)
				ProcessInitializeOnLoadAttributes (64ms)
				ProcessInitializeOnLoadMethodAttributes (25ms)
				AfterProcessingInitializeOnLoad (0ms)
				EditorAssembliesLoaded (0ms)
			ExecutionOrderSort2 (0ms)
			AwakeInstancesAfterBackupRestoration (0ms)
Platform modules already initialized, skipping
Registering precompiled user dll's ...
Registered in 0.000357 seconds.
Begin MonoManager ReloadAssembly
Native extension for WindowsStandalone target not found
Refreshing native plugins compatible for Editor in 0.21 ms, found 0 plugins.
Preloading 0 native plugins for Editor in 0.00 ms.
Mono: successfully reloaded assembly
- Completed reload, in  0.618 seconds
Domain Reload Profiling:
	ReloadAssembly (619ms)
		BeginReloadAssembly (124ms)
			ExecutionOrderSort (0ms)
			DisableScriptedObjects (3ms)
			BackupInstance (0ms)
			ReleaseScriptingObjects (0ms)
			CreateAndSetChildDomain (23ms)
		EndReloadAssembly (449ms)
			LoadAssemblies (73ms)
			RebuildTransferFunctionScriptingTraits (0ms)
			SetupTypeCache (138ms)
			ReleaseScriptCaches (0ms)
			RebuildScriptCaches (29ms)
			SetupLoadedEditorAssemblies (161ms)
				LogAssemblyErrors (0ms)
				InitializePlatformSupportModulesInManaged (3ms)
				SetLoadedEditorAssemblies (0ms)
				RefreshPlugins (0ms)
				BeforeProcessingInitializeOnLoad (52ms)
				ProcessInitializeOnLoadAttributes (93ms)
				ProcessInitializeOnLoadMethodAttributes (9ms)
				AfterProcessingInitializeOnLoad (4ms)
				EditorAssembliesLoaded (0ms)
			ExecutionOrderSort2 (0ms)
			AwakeInstancesAfterBackupRestoration (1ms)
Platform modules already initialized, skipping
========================================================================
Worker process is ready to serve import requests
Launched and connected shader compiler UnityShaderCompiler.exe after 0.04 seconds
Refreshing native plugins compatible for Editor in 0.27 ms, found 0 plugins.
Preloading 0 native plugins for Editor in 0.00 ms.
Unloading 736 Unused Serialized files (Serialized files now loaded: 0)
System memory in use before: 48.4 MB.
System memory in use after: 48.4 MB.

Unloading 9 unused Assets to reduce memory usage. Loaded Objects now: 1181.
Total: 2.181700 ms (FindLiveObjects: 0.174200 ms CreateObjectMapping: 0.027700 ms MarkObjects: 1.894500 ms  DeleteObjects: 0.082200 ms)

AssetImportParameters requested are different than current active one (requested -> active):
  custom:framework-win-MediaFoundation: 216162199b28c13a410421893ffa2e32 -> 
  custom:video-decoder-ogg-theora: a1e56fd34408186e4bbccfd4996cb3dc -> 
  custom:container-muxer-webm: aa71ff27fc2769a1b78a27578f13a17b -> 
  custom:container-demuxer-webm: 4f35f7cbe854078d1ac9338744f61a02 -> 
  custom:container-demuxer-ogg: 62fdf1f143b41e24485cea50d1cbac27 -> 
  custom:video-encoder-webm-vp8: eb34c28f22e8b96e1ab97ce403110664 -> 
  custom:video-decoder-webm-vp8: 9c59270c3fd7afecdb556c50c9e8de78 -> 
  custom:audio-decoder-ogg-vorbis: bf7c407c2cedff20999df2af8eb42d56 -> 
  custom:audio-encoder-webm-vorbis: bf7c407c2cedff20999df2af8eb42d56 -> 
========================================================================
Received Import Request.
  path: Assets/RW/Fonts/FontAssets/NewTegomin-Regular SDF.asset
  artifactKey: Guid(9a67b93d827de7248a52005584c3fe49) Importer(815301076,1909f56bfc062723c751e8b465ee728b)
Start importing Assets/RW/Fonts/FontAssets/NewTegomin-Regular SDF.asset using Guid(9a67b93d827de7248a52005584c3fe49) Importer(815301076,1909f56bfc062723c751e8b465ee728b)  -> (artifact id: '0fb9e6f632c80b40684836bba9233620') in 0.147817 seconds 
========================================================================
Received Import Request.
  Time since last request: 0.000459 seconds.
  path: Assets/RW/Fonts/FontAssets/DelaGothicOne-Regular SDF.asset
  artifactKey: Guid(256a4f1aa33de1e4fa07151fd7087c3f) Importer(815301076,1909f56bfc062723c751e8b465ee728b)
Start importing Assets/RW/Fonts/FontAssets/DelaGothicOne-Regular SDF.asset using Guid(256a4f1aa33de1e4fa07151fd7087c3f) Importer(815301076,1909f56bfc062723c751e8b465ee728b)  -> (artifact id: '8483c66c7465263de0c70a3f6b579be4') in 0.038382 seconds 
========================================================================
Received Import Request.
  Time since last request: 182.833690 seconds.
  path: Assets/RW/Fonts/FontPresets/NewTegomin-ButtonOutline.mat
  artifactKey: Guid(25919ddcbba80f340970a67fa8b01e6e) Importer(815301076,1909f56bfc062723c751e8b465ee728b)
Start importing Assets/RW/Fonts/FontPresets/NewTegomin-ButtonOutline.mat using Guid(25919ddcbba80f340970a67fa8b01e6e) Importer(815301076,1909f56bfc062723c751e8b465ee728b)  -> (artifact id: 'f0fd65ea11a2ec5c9df8b9ed8383ab66') in 0.035171 seconds 
========================================================================
Received Import Request.
  Time since last request: 495.465084 seconds.
  path: Assets/RW/Fonts/FontAssets/DelaGothicOne-Regular SDF.mat
  artifactKey: Guid(1a9ca417d979171408e83895592929a5) Importer(815301076,1909f56bfc062723c751e8b465ee728b)
Start importing Assets/RW/Fonts/FontAssets/DelaGothicOne-Regular SDF.mat using Guid(1a9ca417d979171408e83895592929a5) Importer(815301076,1909f56bfc062723c751e8b465ee728b)  -> (artifact id: '9446b74d9cf5e9ca662215fdd5f16a32') in 0.035894 seconds 
========================================================================
Received Import Request.
  Time since last request: 16.025751 seconds.
  path: Assets/RW/Fonts/FontAssets/DelaGothicOne-Regular SDF 1.mat
  artifactKey: Guid(26b5ad674ddb13e43aa241f2582954af) Importer(815301076,1909f56bfc062723c751e8b465ee728b)
Start importing Assets/RW/Fonts/FontAssets/DelaGothicOne-Regular SDF 1.mat using Guid(26b5ad674ddb13e43aa241f2582954af) Importer(815301076,1909f56bfc062723c751e8b465ee728b)  -> (artifact id: 'f6019612d1ddab11a2050190bdfcee01') in 0.040283 seconds 
========================================================================
Received Import Request.
  Time since last request: 245.360895 seconds.
  path: Assets/RW/Fonts/FontAssets/DelaGothicOne-Regular SDF-Black Outline.mat
  artifactKey: Guid(1a9ca417d979171408e83895592929a5) Importer(815301076,1909f56bfc062723c751e8b465ee728b)
Start importing Assets/RW/Fonts/FontAssets/DelaGothicOne-Regular SDF-Black Outline.mat using Guid(1a9ca417d979171408e83895592929a5) Importer(815301076,1909f56bfc062723c751e8b465ee728b)  -> (artifact id: '20471424250f3dc8d242106b042e08f8') in 0.033955 seconds 
========================================================================
Received Import Request.
  Time since last request: 19.075243 seconds.
  path: Assets/RW/Fonts/FontAssets/DelaGothicOne-Regular SDF.mat
  artifactKey: Guid(11320ecb94c0c334fbcd1bd301e784c7) Importer(815301076,1909f56bfc062723c751e8b465ee728b)
Start importing Assets/RW/Fonts/FontAssets/DelaGothicOne-Regular SDF.mat using Guid(11320ecb94c0c334fbcd1bd301e784c7) Importer(815301076,1909f56bfc062723c751e8b465ee728b)  -> (artifact id: '82624b3778a9032d1c669d0fb17416c4') in 0.045785 seconds 
========================================================================
Received Import Request.
  Time since last request: 21.635739 seconds.
  path: Assets/RW/Fonts/FontAssets/DelaGothicOne-Regular SDF-Dusty Boxes.mat
  artifactKey: Guid(11320ecb94c0c334fbcd1bd301e784c7) Importer(815301076,1909f56bfc062723c751e8b465ee728b)
Start importing Assets/RW/Fonts/FontAssets/DelaGothicOne-Regular SDF-Dusty Boxes.mat using Guid(11320ecb94c0c334fbcd1bd301e784c7) Importer(815301076,1909f56bfc062723c751e8b465ee728b)  -> (artifact id: '4a9b0df35f700c490297df1b4d237dfd') in 0.034779 seconds 
========================================================================
Received Import Request.
  Time since last request: 539.834604 seconds.
  path: Assets/RW/Fonts/FontAssets/DelaGothicOne-Regular SDF.mat
  artifactKey: Guid(11adf60dc93240d46bcf6c59063185ae) Importer(815301076,1909f56bfc062723c751e8b465ee728b)
Start importing Assets/RW/Fonts/FontAssets/DelaGothicOne-Regular SDF.mat using Guid(11adf60dc93240d46bcf6c59063185ae) Importer(815301076,1909f56bfc062723c751e8b465ee728b)  -> (artifact id: '80f6cf305701c86fb7aea75b9ca10a32') in 0.030074 seconds 
========================================================================
Received Import Request.
  Time since last request: 33.407394 seconds.
  path: Assets/RW/Fonts/FontAssets/DelaGothicOne-Regular SDF-Cardboard.mat
  artifactKey: Guid(11adf60dc93240d46bcf6c59063185ae) Importer(815301076,1909f56bfc062723c751e8b465ee728b)
Start importing Assets/RW/Fonts/FontAssets/DelaGothicOne-Regular SDF-Cardboard.mat using Guid(11adf60dc93240d46bcf6c59063185ae) Importer(815301076,1909f56bfc062723c751e8b465ee728b)  -> (artifact id: 'a3689f2e369f80d3b8be1c9d5ecaad2c') in 0.055740 seconds 
AssetImportWorkerClient::OnTransportError - code=2 error=End of file
